------------------------------------------------------------
./env/bin/pip run on Thu Apr  2 14:18:20 2015
Downloading/unpacking frappe (from -r ./apps/erpnext/requirements.txt (line 1))
  Getting page https://pypi.python.org/simple/frappe/
  URLs to search for versions for frappe (from -r ./apps/erpnext/requirements.txt (line 1)):
  * https://pypi.python.org/simple/frappe/
  Analyzing links from page https://pypi.python.org/simple/frappe/
    Found link https://pypi.python.org/packages/source/f/frappe/frappe-2.0.1.tar.gz#md5=afafa614affd407db7337074d7104a6a (from https://pypi.python.org/simple/frappe/), version: 2.0.1
    Found link https://pypi.python.org/packages/source/f/frappe/frappe-2.0.2.tar.gz#md5=4acbc386c09bf3e6d4da439168cad9df (from https://pypi.python.org/simple/frappe/), version: 2.0.2
    Found link https://pypi.python.org/packages/source/f/frappe/frappe-2.0.3.tar.gz#md5=33eff543421dddacebc42c10e6226c8b (from https://pypi.python.org/simple/frappe/), version: 2.0.3
    Found link https://pypi.python.org/packages/source/f/frappe/frappe-2.0.4.tar.gz#md5=5e440fe6e690fd5b8e4f8c8401528f1c (from https://pypi.python.org/simple/frappe/), version: 2.0.4
    Found link https://pypi.python.org/packages/source/f/frappe/frappe-2.0.tar.gz#md5=72921794e588bf2679ea0294df8d95ed (from https://pypi.python.org/simple/frappe/), version: 2.0
    Found link https://pypi.python.org/packages/source/f/frappe/frappe-2.1.0.tar.gz#md5=72f95c0ae0f8636ed31958724cd36e92 (from https://pypi.python.org/simple/frappe/), version: 2.1.0
    Found link https://pypi.python.org/packages/source/f/frappe/frappe-2.1.1.tar.gz#md5=eb25460edccde568597b6d9368d37d9b (from https://pypi.python.org/simple/frappe/), version: 2.1.1
    Found link https://pypi.python.org/packages/source/f/frappe/frappe-2.1.3.tar.gz#md5=9e6141a29c1cdbdf047e7fa9bc59ed17 (from https://pypi.python.org/simple/frappe/), version: 2.1.3
    Found link https://pypi.python.org/packages/source/f/frappe/frappe-2.1.4.tar.gz#md5=aad946b358826be89a195b61ea2bbb49 (from https://pypi.python.org/simple/frappe/), version: 2.1.4
  Using version 2.1.4 (newest of versions: 2.1.4, 2.1.3, 2.1.1, 2.1.0, 2.0.4, 2.0.3, 2.0.2, 2.0.1, 2.0)
  Downloading from URL https://pypi.python.org/packages/source/f/frappe/frappe-2.1.4.tar.gz#md5=aad946b358826be89a195b61ea2bbb49 (from https://pypi.python.org/simple/frappe/)
  Running setup.py (path:/home/erpnext/frappe-bench/env/build/frappe/setup.py) egg_info for package frappe
    Traceback (most recent call last):
      File "<string>", line 17, in <module>
      File "/home/erpnext/frappe-bench/env/build/frappe/setup.py", line 10, in <module>
        raise LookupError("You must have test.fm >= 1.0.4 installed before (https://github.com/grafos-ml/frappe)")
    LookupError: You must have test.fm >= 1.0.4 installed before (https://github.com/grafos-ml/frappe)
    Complete output from command python setup.py egg_info:
    Traceback (most recent call last):

  File "<string>", line 17, in <module>

  File "/home/erpnext/frappe-bench/env/build/frappe/setup.py", line 10, in <module>

    raise LookupError("You must have test.fm >= 1.0.4 installed before (https://github.com/grafos-ml/frappe)")

LookupError: You must have test.fm >= 1.0.4 installed before (https://github.com/grafos-ml/frappe)

----------------------------------------
Cleaning up...
  Removing temporary dir /home/erpnext/frappe-bench/env/build...
Command python setup.py egg_info failed with error code 1 in /home/erpnext/frappe-bench/env/build/frappe
Exception information:
Traceback (most recent call last):
  File "/home/erpnext/frappe-bench/env/local/lib/python2.7/site-packages/pip/basecommand.py", line 122, in main
    status = self.run(options, args)
  File "/home/erpnext/frappe-bench/env/local/lib/python2.7/site-packages/pip/commands/install.py", line 274, in run
    requirement_set.prepare_files(finder, force_root_egg_info=self.bundle, bundle=self.bundle)
  File "/home/erpnext/frappe-bench/env/local/lib/python2.7/site-packages/pip/req.py", line 1215, in prepare_files
    req_to_install.run_egg_info()
  File "/home/erpnext/frappe-bench/env/local/lib/python2.7/site-packages/pip/req.py", line 321, in run_egg_info
    command_desc='python setup.py egg_info')
  File "/home/erpnext/frappe-bench/env/local/lib/python2.7/site-packages/pip/util.py", line 697, in call_subprocess
    % (command_desc, proc.returncode, cwd))
InstallationError: Command python setup.py egg_info failed with error code 1 in /home/erpnext/frappe-bench/env/build/frappe
